<?xml version="1.0" encoding="UTF-8"?>
<!-- Generated by org.testng.reporters.JUnitXMLReporter -->
<testsuite ignored="0" hostname="RAGHAV-JCBP8H2" failures="0" tests="2" name="Default test" time="47.62" errors="0" timestamp="2023-01-01T23:27:47 IST">
  <testcase classname="Raghav.SeleniumFrameworkDesign.Tests.SubmitOrderTest" name="SubmitOrder" time="21.293"/>
  <testcase classname="Raghav.SeleniumFrameworkDesign.Tests.SubmitOrderTest" name="OrderHistoryTest" time="0.884"/>
</testsuite> <!-- Default test -->
