<?xml version="1.0" encoding="UTF-8"?>
<testng-results ignored="0" total="5" passed="4" failed="1" skipped="0">
  <reporter-output>
  </reporter-output>
  <suite started-at="2023-01-02T19:55:41 IST" name="Suite" finished-at="2023-01-02T19:57:17 IST" duration-ms="95686">
    <groups>
      <group name="ErrorHandling">
        <method signature="ErrorValidationsTest.LoginErrorValidation()[pri:0, instance:Raghav.SeleniumFrameworkDesign.Tests.ErrorValidationsTest@4f1bfe23]" name="LoginErrorValidation" class="Raghav.SeleniumFrameworkDesign.Tests.ErrorValidationsTest"/>
      </group> <!-- ErrorHandling -->
      <group name="Purchase">
        <method signature="SubmitOrderTest.SubmitOrder(java.util.HashMap)[pri:0, instance:Raghav.SeleniumFrameworkDesign.Tests.SubmitOrderTest@1b955cac]" name="SubmitOrder" class="Raghav.SeleniumFrameworkDesign.Tests.SubmitOrderTest"/>
      </group> <!-- Purchase -->
    </groups>
    <test started-at="2023-01-02T19:55:41 IST" name="Submit Order Test" finished-at="2023-01-02T19:56:54 IST" duration-ms="72801">
      <class name="Raghav.SeleniumFrameworkDesign.Tests.SubmitOrderTest">
        <test-method is-config="true" signature="launchApplicaion()[pri:0, instance:Raghav.SeleniumFrameworkDesign.Tests.SubmitOrderTest@1b955cac]" started-at="2023-01-02T19:55:42 IST" name="launchApplicaion" finished-at="2023-01-02T19:55:51 IST" duration-ms="8895" status="PASS">
          <reporter-output>
          </reporter-output>
        </test-method> <!-- launchApplicaion -->
        <test-method signature="SubmitOrder(java.util.HashMap)[pri:0, instance:Raghav.SeleniumFrameworkDesign.Tests.SubmitOrderTest@1b955cac]" started-at="2023-01-02T19:55:51 IST" name="SubmitOrder" data-provider="getData" finished-at="2023-01-02T19:56:11 IST" duration-ms="20697" status="PASS">
          <params>
            <param index="0">
              <value>
                <![CDATA[{password=Testing@123, email=noudyinfo@gmail.com, productName=ZARA COAT 3}]]>
              </value>
            </param>
          </params>
          <reporter-output>
          </reporter-output>
        </test-method> <!-- SubmitOrder -->
        <test-method is-config="true" signature="tearDown()[pri:0, instance:Raghav.SeleniumFrameworkDesign.Tests.SubmitOrderTest@1b955cac]" started-at="2023-01-02T19:56:11 IST" name="tearDown" finished-at="2023-01-02T19:56:13 IST" duration-ms="1803" status="PASS">
          <reporter-output>
          </reporter-output>
        </test-method> <!-- tearDown -->
        <test-method is-config="true" signature="launchApplicaion()[pri:0, instance:Raghav.SeleniumFrameworkDesign.Tests.SubmitOrderTest@1b955cac]" started-at="2023-01-02T19:56:13 IST" name="launchApplicaion" finished-at="2023-01-02T19:56:21 IST" duration-ms="7488" status="PASS">
          <reporter-output>
          </reporter-output>
        </test-method> <!-- launchApplicaion -->
        <test-method signature="SubmitOrder(java.util.HashMap)[pri:0, instance:Raghav.SeleniumFrameworkDesign.Tests.SubmitOrderTest@1b955cac]" started-at="2023-01-02T19:56:21 IST" name="SubmitOrder" data-provider="getData" finished-at="2023-01-02T19:56:41 IST" duration-ms="20649" status="PASS">
          <params>
            <param index="0">
              <value>
                <![CDATA[{password=Testing@123, email=noudyinfo1@gmail.com, productName=ADIDAS ORIGINAL}]]>
              </value>
            </param>
          </params>
          <reporter-output>
          </reporter-output>
        </test-method> <!-- SubmitOrder -->
        <test-method is-config="true" signature="tearDown()[pri:0, instance:Raghav.SeleniumFrameworkDesign.Tests.SubmitOrderTest@1b955cac]" started-at="2023-01-02T19:56:41 IST" name="tearDown" finished-at="2023-01-02T19:56:44 IST" duration-ms="2173" status="PASS">
          <reporter-output>
          </reporter-output>
        </test-method> <!-- tearDown -->
        <test-method is-config="true" signature="launchApplicaion()[pri:0, instance:Raghav.SeleniumFrameworkDesign.Tests.SubmitOrderTest@1b955cac]" started-at="2023-01-02T19:56:44 IST" name="launchApplicaion" finished-at="2023-01-02T19:56:51 IST" duration-ms="7774" status="PASS">
          <reporter-output>
          </reporter-output>
        </test-method> <!-- launchApplicaion -->
        <test-method signature="OrderHistoryTest()[pri:0, instance:Raghav.SeleniumFrameworkDesign.Tests.SubmitOrderTest@1b955cac]" started-at="2023-01-02T19:56:51 IST" name="OrderHistoryTest" finished-at="2023-01-02T19:56:52 IST" depends-on-methods="Raghav.SeleniumFrameworkDesign.Tests.SubmitOrderTest.SubmitOrder" duration-ms="805" status="PASS">
          <reporter-output>
          </reporter-output>
        </test-method> <!-- OrderHistoryTest -->
        <test-method is-config="true" signature="tearDown()[pri:0, instance:Raghav.SeleniumFrameworkDesign.Tests.SubmitOrderTest@1b955cac]" started-at="2023-01-02T19:56:52 IST" name="tearDown" finished-at="2023-01-02T19:56:54 IST" duration-ms="2074" status="PASS">
          <reporter-output>
          </reporter-output>
        </test-method> <!-- tearDown -->
      </class> <!-- Raghav.SeleniumFrameworkDesign.Tests.SubmitOrderTest -->
    </test> <!-- Submit Order Test -->
    <test started-at="2023-01-02T19:56:55 IST" name="Error Validations Test" finished-at="2023-01-02T19:57:17 IST" duration-ms="22312">
      <class name="Raghav.SeleniumFrameworkDesign.Tests.ErrorValidationsTest">
        <test-method is-config="true" signature="launchApplicaion()[pri:0, instance:Raghav.SeleniumFrameworkDesign.Tests.ErrorValidationsTest@4f1bfe23]" started-at="2023-01-02T19:56:55 IST" name="launchApplicaion" finished-at="2023-01-02T19:57:02 IST" duration-ms="7345" status="PASS">
          <reporter-output>
          </reporter-output>
        </test-method> <!-- launchApplicaion -->
        <test-method signature="LoginErrorValidation()[pri:0, instance:Raghav.SeleniumFrameworkDesign.Tests.ErrorValidationsTest@4f1bfe23]" started-at="2023-01-02T19:57:02 IST" name="LoginErrorValidation" finished-at="2023-01-02T19:57:03 IST" duration-ms="505" status="PASS">
          <reporter-output>
          </reporter-output>
        </test-method> <!-- LoginErrorValidation -->
        <test-method is-config="true" signature="tearDown()[pri:0, instance:Raghav.SeleniumFrameworkDesign.Tests.ErrorValidationsTest@4f1bfe23]" started-at="2023-01-02T19:57:03 IST" name="tearDown" finished-at="2023-01-02T19:57:05 IST" duration-ms="1951" status="PASS">
          <reporter-output>
          </reporter-output>
        </test-method> <!-- tearDown -->
        <test-method is-config="true" signature="launchApplicaion()[pri:0, instance:Raghav.SeleniumFrameworkDesign.Tests.ErrorValidationsTest@4f1bfe23]" started-at="2023-01-02T19:57:05 IST" name="launchApplicaion" finished-at="2023-01-02T19:57:12 IST" duration-ms="7778" status="PASS">
          <reporter-output>
          </reporter-output>
        </test-method> <!-- launchApplicaion -->
        <test-method signature="ProductErrorValidation()[pri:0, instance:Raghav.SeleniumFrameworkDesign.Tests.ErrorValidationsTest@4f1bfe23]" started-at="2023-01-02T19:57:12 IST" name="ProductErrorValidation" finished-at="2023-01-02T19:57:15 IST" duration-ms="2175" status="FAIL">
          <exception class="org.openqa.selenium.ElementClickInterceptedException">
            <message>
              <![CDATA[Element <button class="btn btn-custom"> is not clickable at point (1024,27) because another element <div class="ngx-spinner-overlay ng-tns-c31-1 ng-trigger ng-trigger-fadeIn ng-star-inserted ng-animating"> obscures it
Build info: version: '4.7.2', revision: '4d4020c3b7'
System info: os.name: 'Windows 10', os.arch: 'amd64', os.version: '10.0', java.version: '17.0.5'
Driver info: org.openqa.selenium.firefox.FirefoxDriver
Command: [52aa184f-ad44-46bc-9646-81a1fb6e61bb, clickElement {id=48c3e4f5-977b-4254-861b-e3df40ef9d11}]
Capabilities {acceptInsecureCerts: true, browserName: firefox, browserVersion: 108.0.1, moz:accessibilityChecks: false, moz:buildID: 20221215175817, moz:debuggerAddress: 127.0.0.1:27607, moz:geckodriverVersion: 0.32.0, moz:headless: false, moz:platformVersion: 10.0, moz:processID: 38588, moz:profile: C:\Users\RAGHAV~1.NOU\AppDa..., moz:shutdownTimeout: 60000, moz:useNonSpecCompliantPointerOrigin: false, moz:webdriverClick: true, moz:windowless: false, pageLoadStrategy: normal, platformName: WINDOWS, proxy: Proxy(), se:cdp: ws://127.0.0.1:27607/devtoo..., se:cdpVersion: 85.0, setWindowRect: true, strictFileInteractability: false, timeouts: {implicit: 0, pageLoad: 300000, script: 30000}, unhandledPromptBehavior: dismiss and notify}
Element: [[FirefoxDriver: firefox on WINDOWS (52aa184f-ad44-46bc-9646-81a1fb6e61bb)] -> css selector: [routerlink*='cart']]
Session ID: 52aa184f-ad44-46bc-9646-81a1fb6e61bb]]>
            </message>
            <full-stacktrace>
              <![CDATA[org.openqa.selenium.ElementClickInterceptedException: Element <button class="btn btn-custom"> is not clickable at point (1024,27) because another element <div class="ngx-spinner-overlay ng-tns-c31-1 ng-trigger ng-trigger-fadeIn ng-star-inserted ng-animating"> obscures it
Build info: version: '4.7.2', revision: '4d4020c3b7'
System info: os.name: 'Windows 10', os.arch: 'amd64', os.version: '10.0', java.version: '17.0.5'
Driver info: org.openqa.selenium.firefox.FirefoxDriver
Command: [52aa184f-ad44-46bc-9646-81a1fb6e61bb, clickElement {id=48c3e4f5-977b-4254-861b-e3df40ef9d11}]
Capabilities {acceptInsecureCerts: true, browserName: firefox, browserVersion: 108.0.1, moz:accessibilityChecks: false, moz:buildID: 20221215175817, moz:debuggerAddress: 127.0.0.1:27607, moz:geckodriverVersion: 0.32.0, moz:headless: false, moz:platformVersion: 10.0, moz:processID: 38588, moz:profile: C:\Users\RAGHAV~1.NOU\AppDa..., moz:shutdownTimeout: 60000, moz:useNonSpecCompliantPointerOrigin: false, moz:webdriverClick: true, moz:windowless: false, pageLoadStrategy: normal, platformName: WINDOWS, proxy: Proxy(), se:cdp: ws://127.0.0.1:27607/devtoo..., se:cdpVersion: 85.0, setWindowRect: true, strictFileInteractability: false, timeouts: {implicit: 0, pageLoad: 300000, script: 30000}, unhandledPromptBehavior: dismiss and notify}
Element: [[FirefoxDriver: firefox on WINDOWS (52aa184f-ad44-46bc-9646-81a1fb6e61bb)] -> css selector: [routerlink*='cart']]
Session ID: 52aa184f-ad44-46bc-9646-81a1fb6e61bb
at java.base/jdk.internal.reflect.NativeConstructorAccessorImpl.newInstance0(Native Method)
at java.base/jdk.internal.reflect.NativeConstructorAccessorImpl.newInstance(NativeConstructorAccessorImpl.java:77)
at java.base/jdk.internal.reflect.DelegatingConstructorAccessorImpl.newInstance(DelegatingConstructorAccessorImpl.java:45)
at java.base/java.lang.reflect.Constructor.newInstanceWithCaller(Constructor.java:499)
at java.base/java.lang.reflect.Constructor.newInstance(Constructor.java:480)
at org.openqa.selenium.remote.codec.w3c.W3CHttpResponseCodec.createException(W3CHttpResponseCodec.java:200)
at org.openqa.selenium.remote.codec.w3c.W3CHttpResponseCodec.decode(W3CHttpResponseCodec.java:133)
at org.openqa.selenium.remote.codec.w3c.W3CHttpResponseCodec.decode(W3CHttpResponseCodec.java:53)
at org.openqa.selenium.remote.HttpCommandExecutor.execute(HttpCommandExecutor.java:184)
at org.openqa.selenium.remote.service.DriverCommandExecutor.invokeExecute(DriverCommandExecutor.java:167)
at org.openqa.selenium.remote.service.DriverCommandExecutor.execute(DriverCommandExecutor.java:142)
at org.openqa.selenium.remote.RemoteWebDriver.execute(RemoteWebDriver.java:535)
at org.openqa.selenium.remote.RemoteWebElement.execute(RemoteWebElement.java:257)
at org.openqa.selenium.remote.RemoteWebElement.click(RemoteWebElement.java:78)
at java.base/jdk.internal.reflect.NativeMethodAccessorImpl.invoke0(Native Method)
at java.base/jdk.internal.reflect.NativeMethodAccessorImpl.invoke(NativeMethodAccessorImpl.java:77)
at java.base/jdk.internal.reflect.DelegatingMethodAccessorImpl.invoke(DelegatingMethodAccessorImpl.java:43)
at java.base/java.lang.reflect.Method.invoke(Method.java:568)
at org.openqa.selenium.support.pagefactory.internal.LocatingElementHandler.invoke(LocatingElementHandler.java:52)
at jdk.proxy2/jdk.proxy2.$Proxy19.click(Unknown Source)
at Raghav.AbstractComponent.AbstractComponent.goToCartPage(AbstractComponent.java:51)
at Raghav.SeleniumFrameworkDesign.Tests.ErrorValidationsTest.ProductErrorValidation(ErrorValidationsTest.java:43)
at java.base/jdk.internal.reflect.NativeMethodAccessorImpl.invoke0(Native Method)
at java.base/jdk.internal.reflect.NativeMethodAccessorImpl.invoke(NativeMethodAccessorImpl.java:77)
at java.base/jdk.internal.reflect.DelegatingMethodAccessorImpl.invoke(DelegatingMethodAccessorImpl.java:43)
at java.base/java.lang.reflect.Method.invoke(Method.java:568)
at org.testng.internal.invokers.MethodInvocationHelper.invokeMethod(MethodInvocationHelper.java:139)
at org.testng.internal.invokers.TestInvoker.invokeMethod(TestInvoker.java:677)
at org.testng.internal.invokers.TestInvoker.invokeTestMethod(TestInvoker.java:221)
at org.testng.internal.invokers.MethodRunner.runInSequence(MethodRunner.java:50)
at org.testng.internal.invokers.TestInvoker$MethodInvocationAgent.invoke(TestInvoker.java:969)
at org.testng.internal.invokers.TestInvoker.invokeTestMethods(TestInvoker.java:194)
at org.testng.internal.invokers.TestMethodWorker.invokeTestMethods(TestMethodWorker.java:148)
at org.testng.internal.invokers.TestMethodWorker.run(TestMethodWorker.java:128)
at java.base/java.util.ArrayList.forEach(ArrayList.java:1511)
at org.testng.TestRunner.privateRun(TestRunner.java:829)
at org.testng.TestRunner.run(TestRunner.java:602)
at org.testng.SuiteRunner.runTest(SuiteRunner.java:437)
at org.testng.SuiteRunner.runSequentially(SuiteRunner.java:431)
at org.testng.SuiteRunner.privateRun(SuiteRunner.java:391)
at org.testng.SuiteRunner.run(SuiteRunner.java:330)
at org.testng.SuiteRunnerWorker.runSuite(SuiteRunnerWorker.java:52)
at org.testng.SuiteRunnerWorker.run(SuiteRunnerWorker.java:95)
at org.testng.TestNG.runSuitesSequentially(TestNG.java:1256)
at org.testng.TestNG.runSuitesLocally(TestNG.java:1176)
at org.testng.TestNG.runSuites(TestNG.java:1099)
at org.testng.TestNG.run(TestNG.java:1067)
at org.testng.remote.AbstractRemoteTestNG.run(AbstractRemoteTestNG.java:115)
at org.testng.remote.RemoteTestNG.initAndRun(RemoteTestNG.java:251)
at org.testng.remote.RemoteTestNG.main(RemoteTestNG.java:77)
]]>
            </full-stacktrace>
          </exception> <!-- org.openqa.selenium.ElementClickInterceptedException -->
          <reporter-output>
          </reporter-output>
        </test-method> <!-- ProductErrorValidation -->
        <test-method is-config="true" signature="tearDown()[pri:0, instance:Raghav.SeleniumFrameworkDesign.Tests.ErrorValidationsTest@4f1bfe23]" started-at="2023-01-02T19:57:15 IST" name="tearDown" finished-at="2023-01-02T19:57:17 IST" duration-ms="2273" status="PASS">
          <reporter-output>
          </reporter-output>
        </test-method> <!-- tearDown -->
      </class> <!-- Raghav.SeleniumFrameworkDesign.Tests.ErrorValidationsTest -->
    </test> <!-- Error Validations Test -->
  </suite> <!-- Suite -->
</testng-results>
